[33mWARNING[0m:  [29-10-2024 17:31:58] chroma_server_nofile is set to 65535, but this is less than current soft limit of 1048576. chroma_server_nofile will not be set.
[32mINFO[0m:     [29-10-2024 17:31:58] Anonymized telemetry enabled. See                     https://docs.trychroma.com/telemetry for more information.
[36mDEBUG[0m:    [29-10-2024 17:31:58] Starting component System
[36mDEBUG[0m:    [29-10-2024 17:31:58] Starting component OpenTelemetryClient
[36mDEBUG[0m:    [29-10-2024 17:31:58] Starting component SqliteDB
[36mDEBUG[0m:    [29-10-2024 17:31:58] Starting component SimpleQuotaEnforcer
[36mDEBUG[0m:    [29-10-2024 17:31:58] Starting component Posthog
[36mDEBUG[0m:    [29-10-2024 17:31:58] Starting component SimpleRateLimitEnforcer
[36mDEBUG[0m:    [29-10-2024 17:31:58] Starting component LocalSegmentManager
[36mDEBUG[0m:    [29-10-2024 17:31:58] Starting component LocalExecutor
[36mDEBUG[0m:    [29-10-2024 17:31:58] Starting component SegmentAPI
[32mINFO[0m:     [29-10-2024 17:31:58] Started server process [[36m79542[0m]
[32mINFO[0m:     [29-10-2024 17:31:58] Waiting for application startup.
[32mINFO[0m:     [29-10-2024 17:31:58] Application startup complete.
[31mERROR[0m:    [29-10-2024 17:31:58] [Errno 98] error while attempting to bind on address ('127.0.0.1', 8000): address already in use
[32mINFO[0m:     [29-10-2024 17:31:58] Waiting for application shutdown.
[36mDEBUG[0m:    [29-10-2024 17:31:58] Stopping component System
[36mDEBUG[0m:    [29-10-2024 17:31:58] Stopping component SegmentAPI
[36mDEBUG[0m:    [29-10-2024 17:31:58] Stopping component LocalExecutor
[36mDEBUG[0m:    [29-10-2024 17:31:58] Stopping component LocalSegmentManager
[36mDEBUG[0m:    [29-10-2024 17:31:58] Stopping component SimpleRateLimitEnforcer
[36mDEBUG[0m:    [29-10-2024 17:31:58] Stopping component Posthog
[36mDEBUG[0m:    [29-10-2024 17:31:58] Stopping component SimpleQuotaEnforcer
[36mDEBUG[0m:    [29-10-2024 17:31:58] Stopping component SqliteDB
[36mDEBUG[0m:    [29-10-2024 17:31:58] Stopping component OpenTelemetryClient
[32mINFO[0m:     [29-10-2024 17:31:58] Application shutdown complete.
[33mWARNING[0m:  [29-10-2024 17:33:02] chroma_server_nofile is set to 65535, but this is less than current soft limit of 1048576. chroma_server_nofile will not be set.
[32mINFO[0m:     [29-10-2024 17:33:02] Anonymized telemetry enabled. See                     https://docs.trychroma.com/telemetry for more information.
[36mDEBUG[0m:    [29-10-2024 17:33:02] Starting component System
[36mDEBUG[0m:    [29-10-2024 17:33:02] Starting component OpenTelemetryClient
[36mDEBUG[0m:    [29-10-2024 17:33:02] Starting component SqliteDB
[36mDEBUG[0m:    [29-10-2024 17:33:02] Starting component SimpleQuotaEnforcer
[36mDEBUG[0m:    [29-10-2024 17:33:02] Starting component Posthog
[36mDEBUG[0m:    [29-10-2024 17:33:02] Starting component SimpleRateLimitEnforcer
[36mDEBUG[0m:    [29-10-2024 17:33:02] Starting component LocalSegmentManager
[36mDEBUG[0m:    [29-10-2024 17:33:02] Starting component LocalExecutor
[36mDEBUG[0m:    [29-10-2024 17:33:02] Starting component SegmentAPI
[32mINFO[0m:     [29-10-2024 17:33:02] Started server process [[36m79952[0m]
[32mINFO[0m:     [29-10-2024 17:33:02] Waiting for application startup.
[32mINFO[0m:     [29-10-2024 17:33:02] Application startup complete.
[32mINFO[0m:     [29-10-2024 17:33:02] Uvicorn running on [1mhttp://localhost:8000[0m (Press CTRL+C to quit)
[33mWARNING[0m:  [29-10-2024 17:41:00] chroma_server_nofile is set to 65535, but this is less than current soft limit of 1048576. chroma_server_nofile will not be set.
[32mINFO[0m:     [29-10-2024 17:41:00] Anonymized telemetry enabled. See                     https://docs.trychroma.com/telemetry for more information.
[36mDEBUG[0m:    [29-10-2024 17:41:00] Starting component System
[36mDEBUG[0m:    [29-10-2024 17:41:00] Starting component OpenTelemetryClient
[36mDEBUG[0m:    [29-10-2024 17:41:00] Starting component SqliteDB
[36mDEBUG[0m:    [29-10-2024 17:41:00] Starting component SimpleQuotaEnforcer
[36mDEBUG[0m:    [29-10-2024 17:41:00] Starting component Posthog
[36mDEBUG[0m:    [29-10-2024 17:41:00] Starting component SimpleRateLimitEnforcer
[36mDEBUG[0m:    [29-10-2024 17:41:00] Starting component LocalSegmentManager
[36mDEBUG[0m:    [29-10-2024 17:41:00] Starting component LocalExecutor
[36mDEBUG[0m:    [29-10-2024 17:41:00] Starting component SegmentAPI
[32mINFO[0m:     [29-10-2024 17:41:00] Started server process [[36m82132[0m]
[32mINFO[0m:     [29-10-2024 17:41:00] Waiting for application startup.
[32mINFO[0m:     [29-10-2024 17:41:00] Application startup complete.
[32mINFO[0m:     [29-10-2024 17:41:00] Uvicorn running on [1mhttp://localhost:8000[0m (Press CTRL+C to quit)
[32mINFO[0m:     [29-10-2024 17:41:02] Shutting down
[32mINFO[0m:     [29-10-2024 17:41:02] Waiting for application shutdown.
[36mDEBUG[0m:    [29-10-2024 17:41:02] Stopping component System
[36mDEBUG[0m:    [29-10-2024 17:41:02] Stopping component SegmentAPI
[36mDEBUG[0m:    [29-10-2024 17:41:02] Stopping component LocalExecutor
[36mDEBUG[0m:    [29-10-2024 17:41:02] Stopping component LocalSegmentManager
[36mDEBUG[0m:    [29-10-2024 17:41:02] Stopping component SimpleRateLimitEnforcer
[36mDEBUG[0m:    [29-10-2024 17:41:02] Stopping component Posthog
[36mDEBUG[0m:    [29-10-2024 17:41:02] Stopping component SimpleQuotaEnforcer
[36mDEBUG[0m:    [29-10-2024 17:41:02] Stopping component SqliteDB
[36mDEBUG[0m:    [29-10-2024 17:41:02] Stopping component OpenTelemetryClient
[32mINFO[0m:     [29-10-2024 17:41:02] Application shutdown complete.
[32mINFO[0m:     [29-10-2024 17:41:02] Finished server process [[36m82132[0m]
[33mWARNING[0m:  [29-10-2024 17:41:19] chroma_server_nofile is set to 65535, but this is less than current soft limit of 1048576. chroma_server_nofile will not be set.
[32mINFO[0m:     [29-10-2024 17:41:19] Anonymized telemetry enabled. See                     https://docs.trychroma.com/telemetry for more information.
[36mDEBUG[0m:    [29-10-2024 17:41:19] Starting component System
[36mDEBUG[0m:    [29-10-2024 17:41:19] Starting component OpenTelemetryClient
[36mDEBUG[0m:    [29-10-2024 17:41:19] Starting component SqliteDB
[36mDEBUG[0m:    [29-10-2024 17:41:19] Starting component SimpleQuotaEnforcer
[36mDEBUG[0m:    [29-10-2024 17:41:19] Starting component Posthog
[36mDEBUG[0m:    [29-10-2024 17:41:19] Starting component SimpleRateLimitEnforcer
[36mDEBUG[0m:    [29-10-2024 17:41:19] Starting component LocalSegmentManager
[36mDEBUG[0m:    [29-10-2024 17:41:19] Starting component LocalExecutor
[36mDEBUG[0m:    [29-10-2024 17:41:19] Starting component SegmentAPI
[32mINFO[0m:     [29-10-2024 17:41:19] Started server process [[36m82281[0m]
[32mINFO[0m:     [29-10-2024 17:41:19] Waiting for application startup.
[32mINFO[0m:     [29-10-2024 17:41:19] Application startup complete.
[32mINFO[0m:     [29-10-2024 17:41:19] Uvicorn running on [1mhttp://localhost:8000[0m (Press CTRL+C to quit)
[32mINFO[0m:     [29-10-2024 17:55:54] 127.0.0.1:49294 - "GET /api/v1/tenants/default_tenant HTTP/1.1" 200
[32mINFO[0m:     [29-10-2024 17:55:54] 127.0.0.1:49294 - "GET /api/v1/databases/default_database?tenant=default_tenant HTTP/1.1" 200
[32mINFO[0m:     [29-10-2024 18:02:21] 127.0.0.1:41676 - "GET /api/v1/tenants/default_tenant HTTP/1.1" 200
[32mINFO[0m:     [29-10-2024 18:02:21] 127.0.0.1:41676 - "GET /api/v1/databases/default_database?tenant=default_tenant HTTP/1.1" 200
[32mINFO[0m:     [29-10-2024 18:03:46] 127.0.0.1:34474 - "GET /api/v1/collections?tenant=default_tenant&database=default_database HTTP/1.1" 200
[32mINFO[0m:     [29-10-2024 18:04:10] 127.0.0.1:35304 - "GET /api/v1/tenants/default_tenant HTTP/1.1" 200
[32mINFO[0m:     [29-10-2024 18:04:10] 127.0.0.1:35304 - "GET /api/v1/databases/default_database?tenant=default_tenant HTTP/1.1" 200
[32mINFO[0m:     [29-10-2024 18:10:50] 127.0.0.1:53704 - "GET /api/v1/tenants/default_tenant HTTP/1.1" 200
[32mINFO[0m:     [29-10-2024 18:10:50] 127.0.0.1:53704 - "GET /api/v1/databases/default_database?tenant=default_tenant HTTP/1.1" 200
[32mINFO[0m:     [29-10-2024 18:11:50] Shutting down
[32mINFO[0m:     [29-10-2024 18:11:50] Waiting for application shutdown.
[36mDEBUG[0m:    [29-10-2024 18:11:50] Stopping component System
[36mDEBUG[0m:    [29-10-2024 18:11:50] Stopping component SegmentAPI
[36mDEBUG[0m:    [29-10-2024 18:11:50] Stopping component LocalExecutor
[36mDEBUG[0m:    [29-10-2024 18:11:50] Stopping component LocalSegmentManager
[36mDEBUG[0m:    [29-10-2024 18:11:50] Stopping component SimpleRateLimitEnforcer
[36mDEBUG[0m:    [29-10-2024 18:11:50] Stopping component Posthog
[36mDEBUG[0m:    [29-10-2024 18:11:50] Stopping component SimpleQuotaEnforcer
[36mDEBUG[0m:    [29-10-2024 18:11:50] Stopping component SqliteDB
[36mDEBUG[0m:    [29-10-2024 18:11:50] Stopping component OpenTelemetryClient
[32mINFO[0m:     [29-10-2024 18:11:50] Application shutdown complete.
[32mINFO[0m:     [29-10-2024 18:11:50] Finished server process [[36m82281[0m]
[33mWARNING[0m:  [29-10-2024 18:16:00] chroma_server_nofile is set to 65535, but this is less than current soft limit of 1048576. chroma_server_nofile will not be set.
[32mINFO[0m:     [29-10-2024 18:16:00] Anonymized telemetry enabled. See                     https://docs.trychroma.com/telemetry for more information.
[36mDEBUG[0m:    [29-10-2024 18:16:00] Starting component System
[36mDEBUG[0m:    [29-10-2024 18:16:00] Starting component OpenTelemetryClient
[36mDEBUG[0m:    [29-10-2024 18:16:00] Starting component SqliteDB
[36mDEBUG[0m:    [29-10-2024 18:16:00] Starting component SimpleQuotaEnforcer
[36mDEBUG[0m:    [29-10-2024 18:16:00] Starting component Posthog
[36mDEBUG[0m:    [29-10-2024 18:16:00] Starting component SimpleRateLimitEnforcer
[36mDEBUG[0m:    [29-10-2024 18:16:00] Starting component LocalSegmentManager
[36mDEBUG[0m:    [29-10-2024 18:16:00] Starting component LocalExecutor
[36mDEBUG[0m:    [29-10-2024 18:16:00] Starting component SegmentAPI
[32mINFO[0m:     [29-10-2024 18:16:00] Started server process [[36m90333[0m]
[32mINFO[0m:     [29-10-2024 18:16:00] Waiting for application startup.
[32mINFO[0m:     [29-10-2024 18:16:00] Application startup complete.
[32mINFO[0m:     [29-10-2024 18:16:00] Uvicorn running on [1mhttp://localhost:8000[0m (Press CTRL+C to quit)
[32mINFO[0m:     [29-10-2024 18:16:41] 127.0.0.1:55390 - "GET /api/v1/tenants/default_tenant HTTP/1.1" 200
[32mINFO[0m:     [29-10-2024 18:16:41] 127.0.0.1:55390 - "GET /api/v1/databases/default_database?tenant=default_tenant HTTP/1.1" 200
[32mINFO[0m:     [29-10-2024 18:21:34] 127.0.0.1:53636 - "GET /api/v1/tenants/default_tenant HTTP/1.1" 200
[32mINFO[0m:     [29-10-2024 18:21:34] 127.0.0.1:53636 - "GET /api/v1/databases/default_database?tenant=default_tenant HTTP/1.1" 200
[32mINFO[0m:     [29-10-2024 18:22:44] 127.0.0.1:60918 - "GET /api/v1/collections?tenant=default_tenant&database=default_database HTTP/1.1" 200
[32mINFO[0m:     [29-10-2024 18:37:46] Shutting down
[32mINFO[0m:     [29-10-2024 18:37:47] Waiting for application shutdown.
[36mDEBUG[0m:    [29-10-2024 18:37:47] Stopping component System
[36mDEBUG[0m:    [29-10-2024 18:37:47] Stopping component SegmentAPI
[36mDEBUG[0m:    [29-10-2024 18:37:47] Stopping component LocalExecutor
[36mDEBUG[0m:    [29-10-2024 18:37:47] Stopping component LocalSegmentManager
[36mDEBUG[0m:    [29-10-2024 18:37:47] Stopping component SimpleRateLimitEnforcer
[36mDEBUG[0m:    [29-10-2024 18:37:47] Stopping component Posthog
[36mDEBUG[0m:    [29-10-2024 18:37:47] Stopping component SimpleQuotaEnforcer
[36mDEBUG[0m:    [29-10-2024 18:37:47] Stopping component SqliteDB
[36mDEBUG[0m:    [29-10-2024 18:37:47] Stopping component OpenTelemetryClient
[32mINFO[0m:     [29-10-2024 18:37:47] Application shutdown complete.
[32mINFO[0m:     [29-10-2024 18:37:47] Finished server process [[36m90333[0m]
